<?xml version="1.0" encoding="UTF-8"?>
<!-- Generated by org.testng.reporters.JUnitReportReporter -->
<testsuite hostname="ABHISHEK" failures="0" tests="1" name="testng.ng.Test1" time="0.001" errors="0" timestamp="2022-09-30T00:36:08 IST" skipped="0">
  <testcase classname="testng.ng.Test1" name="testcase1" time="0.001"/>
  <system-out/>
</testsuite> <!-- testng.ng.Test1 -->
