<?xml version="1.0" encoding="UTF-8"?>
<!-- Generated by org.testng.reporters.JUnitReportReporter -->
<testsuite hostname="ABHISHEK" failures="0" tests="6" name="testng.ng.Test6" time="0.004" errors="0" timestamp="2022-09-30T01:14:33 IST" skipped="0">
  <testcase classname="testng.ng.Test6" name="entercred" time="0.000"/>
  <system-out/>
  <testcase classname="testng.ng.Test6" name="button" time="0.004"/>
  <system-out/>
  <testcase classname="testng.ng.Test6" name="login" time="0.000"/>
  <system-out/>
  <testcase classname="testng.ng.Test6" name="entercred" time="0.000"/>
  <system-out/>
  <testcase classname="testng.ng.Test6" name="button" time="0.000"/>
  <system-out/>
  <testcase classname="testng.ng.Test6" name="button" time="0.000"/>
  <system-out/>
</testsuite> <!-- testng.ng.Test6 -->
