<?xml version="1.0" encoding="UTF-8"?>
<!-- Generated by org.testng.reporters.JUnitReportReporter -->
<testsuite hostname="ABHISHEK" failures="0" tests="1" name="testng.Test1" time="0.007" errors="0" timestamp="2022-10-17T12:43:00 IST" skipped="0">
  <testcase classname="testng.Test1" name="testcase1" time="0.007"/>
  <system-out/>
</testsuite> <!-- testng.Test1 -->
