<?xml version="1.0" encoding="UTF-8"?>
<!-- Generated by org.testng.reporters.JUnitReportReporter -->
<testsuite hostname="ABHISHEK" failures="0" tests="1" name="testng.testng.ng.P2" time="6.187" errors="0" timestamp="2022-10-04T08:20:20 IST" skipped="0">
  <testcase classname="testng.testng.ng.P2" name="enterCred" time="6.187"/>
  <system-out/>
</testsuite> <!-- testng.testng.ng.P2 -->
