<?xml version="1.0" encoding="UTF-8"?>
<!-- Generated by org.testng.reporters.JUnitReportReporter -->
<testsuite hostname="ABHISHEK" failures="0" tests="3" name="testng.ng.Test3" time="0.008" errors="0" timestamp="2022-09-30T00:45:54 IST" skipped="0">
  <testcase classname="testng.ng.Test3" name="login" time="0.007"/>
  <system-out/>
  <testcase classname="testng.ng.Test3" name="entercred" time="0.001"/>
  <system-out/>
  <testcase classname="testng.ng.Test3" name="button" time="0.000"/>
  <system-out/>
</testsuite> <!-- testng.ng.Test3 -->
