<?xml version="1.0" encoding="UTF-8"?>
<!-- Generated by org.testng.reporters.JUnitReportReporter -->
<testsuite hostname="ABHISHEK" failures="0" tests="2" name="testng.Explicitwait" time="15.405" errors="0" timestamp="2022-10-17T21:30:43 IST" skipped="0">
  <testcase classname="testng.Explicitwait" name="handleAlert" time="5.174"/>
  <system-out/>
  <testcase classname="testng.Explicitwait" name="handleButton" time="10.231"/>
  <system-out/>
</testsuite> <!-- testng.Explicitwait -->
