<?xml version="1.0" encoding="UTF-8"?>
<!-- Generated by org.testng.reporters.JUnitReportReporter -->
<testsuite hostname="ABHISHEK" failures="0" tests="3" name="testng.ng.Test5" time="0.006" errors="0" timestamp="2022-09-30T01:11:21 IST" skipped="2">
  <testcase classname="testng.ng.Test5" name="entercred" time="0.006"/>
  <system-out/>
  <testcase classname="testng.ng.Test5" name="login">
    <skipped/>
  </testcase> <!-- login -->
  <system-out/>
  <testcase classname="testng.ng.Test5" name="button">
    <skipped/>
  </testcase> <!-- button -->
  <system-out/>
</testsuite> <!-- testng.ng.Test5 -->
