<?xml version="1.0" encoding="UTF-8"?>
<!-- Generated by org.testng.reporters.JUnitReportReporter -->
<testsuite hostname="ABHISHEK" failures="0" tests="3" name="testng.ng.Test7" time="0.006" errors="0" timestamp="2022-09-30T01:22:05 IST" skipped="0">
  <testcase classname="testng.ng.Test7" name="button" time="0.005"/>
  <system-out/>
  <testcase classname="testng.ng.Test7" name="entercred" time="0.001"/>
  <system-out/>
  <testcase classname="testng.ng.Test7" name="login" time="0.000"/>
  <system-out/>
</testsuite> <!-- testng.ng.Test7 -->
