<?xml version="1.0" encoding="UTF-8"?>
<!-- Generated by org.testng.reporters.JUnitReportReporter -->
<testsuite hostname="ABHISHEK" failures="0" tests="1" name="testng.Test2" time="0.007" errors="0" timestamp="2022-10-17T12:42:40 IST" skipped="0">
  <testcase classname="testng.Test2" name="testcase2" time="0.007"/>
  <system-out/>
</testsuite> <!-- testng.Test2 -->
