<?xml version="1.0" encoding="UTF-8"?>
<!-- Generated by org.testng.reporters.JUnitReportReporter -->
<testsuite hostname="ABHISHEK" failures="0" tests="1" name="testng.ng.Test2" time="0.005" errors="0" timestamp="2022-09-30T00:36:08 IST" skipped="0">
  <testcase classname="testng.ng.Test2" name="testcase2" time="0.005"/>
  <system-out/>
</testsuite> <!-- testng.ng.Test2 -->
